<?xml version="1.0" encoding="UTF-8"?>
<!-- Generated by org.testng.reporters.JUnitXMLReporter -->
<testsuite hostname="MuniPC" ignored="0" name="Chrome test" tests="1" failures="0" timestamp="2022-09-09T19:01:17 PDT" time="0.061" errors="0">
  <testcase name="@BeforeClass setup" time="-1.662775277349E9" classname="testBase.BaseClass">
    <failure type="org.testng.TestNGException" message="
Parameter &amp;apos;browsers&amp;apos; is required by BeforeClass on method setup but has not been marked @Optional or defined
in C:\Users\bravo\eclipse-workspace-august\OpenSeptember\CrossBrowserTesting.xml">
      <![CDATA[org.testng.TestNGException: 
Parameter 'browsers' is required by BeforeClass on method setup but has not been marked @Optional or defined
in C:\Users\bravo\eclipse-workspace-august\OpenSeptember\CrossBrowserTesting.xml
at java.util.ArrayList.forEach(ArrayList.java:1257)
at java.util.concurrent.FutureTask.run(FutureTask.java:266)
at java.util.concurrent.ThreadPoolExecutor.runWorker(ThreadPoolExecutor.java:1149)
at java.util.concurrent.ThreadPoolExecutor$Worker.run(ThreadPoolExecutor.java:624)
at java.lang.Thread.run(Thread.java:748)
... Removed 13 stack frames]]>
    </failure>
  </testcase> <!-- @BeforeClass setup -->
  <testcase name="@BeforeClass setup" time="-1.662775277349E9" classname="testBase.BaseClass">
    <failure type="org.testng.TestNGException" message="
Parameter &amp;apos;browsers&amp;apos; is required by BeforeClass on method setup but has not been marked @Optional or defined
in C:\Users\bravo\eclipse-workspace-august\OpenSeptember\CrossBrowserTesting.xml">
      <![CDATA[org.testng.TestNGException: 
Parameter 'browsers' is required by BeforeClass on method setup but has not been marked @Optional or defined
in C:\Users\bravo\eclipse-workspace-august\OpenSeptember\CrossBrowserTesting.xml
at java.util.ArrayList.forEach(ArrayList.java:1257)
at java.util.concurrent.FutureTask.run(FutureTask.java:266)
at java.util.concurrent.ThreadPoolExecutor.runWorker(ThreadPoolExecutor.java:1149)
at java.util.concurrent.ThreadPoolExecutor$Worker.run(ThreadPoolExecutor.java:624)
at java.lang.Thread.run(Thread.java:748)
... Removed 13 stack frames]]>
    </failure>
  </testcase> <!-- @BeforeClass setup -->
  <testcase name="@AfterClass tearDown" time="-1.662775277383E9" classname="testBase.BaseClass">
    <skipped/>
  </testcase> <!-- @AfterClass tearDown -->
  <testcase name="@AfterClass tearDown" time="-1.662775277383E9" classname="testBase.BaseClass">
    <skipped/>
  </testcase> <!-- @AfterClass tearDown -->
  <testcase name="test_account_registration" time="0.0" classname="testCases.TC_001_AccountRegistration">
    <skipped/>
  </testcase> <!-- test_account_registration -->
</testsuite> <!-- Chrome test -->
